This file contains any messages produced by compilers while
running configure, to aid debugging if configure makes a mistake.

It was created by nlopt configure 2.2.1, which was
generated by GNU Autoconf 2.66.  Invocation command line was

  $ ./configure 

## --------- ##
## Platform. ##
## --------- ##

hostname = ubuntu
uname -m = i686
uname -r = 2.6.35-22-generic
uname -s = Linux
uname -v = #33-Ubuntu SMP Sun Sep 19 20:34:50 UTC 2010

/usr/bin/uname -p = unknown
/bin/uname -X     = unknown

/bin/arch              = unknown
/usr/bin/arch -k       = unknown
/usr/convex/getsysinfo = unknown
/usr/bin/hostinfo      = unknown
/bin/machine           = unknown
/usr/bin/oslevel       = unknown
/bin/universe          = unknown

PATH: /usr/local/pgsql/bin
PATH: /usr/local/sbin
PATH: /usr/local/bin
PATH: /usr/sbin
PATH: /usr/bin
PATH: /sbin
PATH: /bin
PATH: /usr/games


## ----------- ##
## Core tests. ##
## ----------- ##

configure:2795: checking for a BSD-compatible install
configure:2863: result: /usr/bin/install -c
configure:2874: checking whether build environment is sane
configure:2924: result: yes
configure:3065: checking for a thread-safe mkdir -p
configure:3104: result: /bin/mkdir -p
configure:3117: checking for gawk
configure:3133: found /usr/bin/gawk
configure:3144: result: gawk
configure:3155: checking whether make sets $(MAKE)
configure:3177: result: yes
configure:3261: checking whether to enable maintainer-specific portions of Makefiles
configure:3270: result: no
configure:3363: checking for gcc
configure:3379: found /usr/bin/gcc
configure:3390: result: gcc
configure:3619: checking for C compiler version
configure:3628: gcc --version >&5
gcc (Ubuntu/Linaro 4.4.4-14ubuntu5) 4.4.5
Copyright (C) 2010 Free Software Foundation, Inc.
This is free software; see the source for copying conditions.  There is NO
warranty; not even for MERCHANTABILITY or FITNESS FOR A PARTICULAR PURPOSE.

configure:3639: $? = 0
configure:3628: gcc -v >&5
Using built-in specs.
Target: i686-linux-gnu
Configured with: ../src/configure -v --with-pkgversion='Ubuntu/Linaro 4.4.4-14ubuntu5' --with-bugurl=file:///usr/share/doc/gcc-4.4/README.Bugs --enable-languages=c,c++,fortran,objc,obj-c++ --prefix=/usr --program-suffix=-4.4 --enable-shared --enable-multiarch --enable-linker-build-id --with-system-zlib --libexecdir=/usr/lib --without-included-gettext --enable-threads=posix --with-gxx-include-dir=/usr/include/c++/4.4 --libdir=/usr/lib --enable-nls --with-sysroot=/ --enable-clocale=gnu --enable-libstdcxx-debug --enable-objc-gc --enable-targets=all --disable-werror --with-arch-32=i686 --with-tune=generic --enable-checking=release --build=i686-linux-gnu --host=i686-linux-gnu --target=i686-linux-gnu
Thread model: posix
gcc version 4.4.5 (Ubuntu/Linaro 4.4.4-14ubuntu5) 
configure:3639: $? = 0
configure:3628: gcc -V >&5
gcc: '-V' option must have argument
configure:3639: $? = 1
configure:3628: gcc -qversion >&5
gcc: unrecognized option '-qversion'
gcc: no input files
configure:3639: $? = 1
configure:3659: checking whether the C compiler works
configure:3681: gcc    conftest.c  >&5
configure:3685: $? = 0
configure:3733: result: yes
configure:3736: checking for C compiler default output file name
configure:3738: result: a.out
configure:3744: checking for suffix of executables
configure:3751: gcc -o conftest    conftest.c  >&5
configure:3755: $? = 0
configure:3777: result: 
configure:3799: checking whether we are cross compiling
configure:3807: gcc -o conftest    conftest.c  >&5
configure:3811: $? = 0
configure:3818: ./conftest
configure:3822: $? = 0
configure:3837: result: no
configure:3842: checking for suffix of object files
configure:3864: gcc -c   conftest.c >&5
configure:3868: $? = 0
configure:3889: result: o
configure:3893: checking whether we are using the GNU C compiler
configure:3912: gcc -c   conftest.c >&5
configure:3912: $? = 0
configure:3921: result: yes
configure:3930: checking whether gcc accepts -g
configure:3950: gcc -c -g  conftest.c >&5
configure:3950: $? = 0
configure:3991: result: yes
configure:4008: checking for gcc option to accept ISO C89
configure:4072: gcc  -c -g -O0  conftest.c >&5
configure:4072: $? = 0
configure:4085: result: none needed
configure:4116: checking for style of include used by make
configure:4144: result: GNU
configure:4169: checking dependency style of gcc
configure:4279: result: gcc3
configure:4298: checking for gcc option to accept ISO C99
configure:4447: gcc  -c -g -O0  conftest.c >&5
conftest.c:61: error: expected ';', ',' or ')' before 'text'
conftest.c: In function 'main':
conftest.c:115: error: expected '=', ',', ';', 'asm' or '__attribute__' before 'newvar'
conftest.c:115: error: 'newvar' undeclared (first use in this function)
conftest.c:115: error: (Each undeclared identifier is reported only once
conftest.c:115: error: for each function it appears in.)
conftest.c:125: error: 'for' loop initial declarations are only allowed in C99 mode
conftest.c:125: note: use option -std=c99 or -std=gnu99 to compile your code
configure:4447: $? = 1
configure: failed program was:
| /* confdefs.h */
| #define PACKAGE_NAME "nlopt"
| #define PACKAGE_TARNAME "nlopt"
| #define PACKAGE_VERSION "2.2.1"
| #define PACKAGE_STRING "nlopt 2.2.1"
| #define PACKAGE_BUGREPORT "stevenj@alum.mit.edu"
| #define PACKAGE_URL ""
| #define PACKAGE "nlopt"
| #define VERSION "2.2.1"
| /* end confdefs.h.  */
| #include <stdarg.h>
| #include <stdbool.h>
| #include <stdlib.h>
| #include <wchar.h>
| #include <stdio.h>
| 
| // Check varargs macros.  These examples are taken from C99 6.10.3.5.
| #define debug(...) fprintf (stderr, __VA_ARGS__)
| #define showlist(...) puts (#__VA_ARGS__)
| #define report(test,...) ((test) ? puts (#test) : printf (__VA_ARGS__))
| static void
| test_varargs_macros (void)
| {
|   int x = 1234;
|   int y = 5678;
|   debug ("Flag");
|   debug ("X = %d\n", x);
|   showlist (The first, second, and third items.);
|   report (x>y, "x is %d but y is %d", x, y);
| }
| 
| // Check long long types.
| #define BIG64 18446744073709551615ull
| #define BIG32 4294967295ul
| #define BIG_OK (BIG64 / BIG32 == 4294967297ull && BIG64 % BIG32 == 0)
| #if !BIG_OK
|   your preprocessor is broken;
| #endif
| #if BIG_OK
| #else
|   your preprocessor is broken;
| #endif
| static long long int bignum = -9223372036854775807LL;
| static unsigned long long int ubignum = BIG64;
| 
| struct incomplete_array
| {
|   int datasize;
|   double data[];
| };
| 
| struct named_init {
|   int number;
|   const wchar_t *name;
|   double average;
| };
| 
| typedef const char *ccp;
| 
| static inline int
| test_restrict (ccp restrict text)
| {
|   // See if C++-style comments work.
|   // Iterate through items via the restricted pointer.
|   // Also check for declarations in for loops.
|   for (unsigned int i = 0; *(text+i) != '\0'; ++i)
|     continue;
|   return 0;
| }
| 
| // Check varargs and va_copy.
| static void
| test_varargs (const char *format, ...)
| {
|   va_list args;
|   va_start (args, format);
|   va_list args_copy;
|   va_copy (args_copy, args);
| 
|   const char *str;
|   int number;
|   float fnumber;
| 
|   while (*format)
|     {
|       switch (*format++)
| 	{
| 	case 's': // string
| 	  str = va_arg (args_copy, const char *);
| 	  break;
| 	case 'd': // int
| 	  number = va_arg (args_copy, int);
| 	  break;
| 	case 'f': // float
| 	  fnumber = va_arg (args_copy, double);
| 	  break;
| 	default:
| 	  break;
| 	}
|     }
|   va_end (args_copy);
|   va_end (args);
| }
| 
| int
| main ()
| {
| 
|   // Check bool.
|   _Bool success = false;
| 
|   // Check restrict.
|   if (test_restrict ("String literal") == 0)
|     success = true;
|   char *restrict newvar = "Another string";
| 
|   // Check varargs.
|   test_varargs ("s, d' f .", "string", 65, 34.234);
|   test_varargs_macros ();
| 
|   // Check flexible array members.
|   struct incomplete_array *ia =
|     malloc (sizeof (struct incomplete_array) + (sizeof (double) * 10));
|   ia->datasize = 10;
|   for (int i = 0; i < ia->datasize; ++i)
|     ia->data[i] = i * 1.234;
| 
|   // Check named initializers.
|   struct named_init ni = {
|     .number = 34,
|     .name = L"Test wide string",
|     .average = 543.34343,
|   };
| 
|   ni.number = 58;
| 
|   int dynamic_array[ni.number];
|   dynamic_array[ni.number - 1] = 543;
| 
|   // work around unused variable warnings
|   return (!success || bignum == 0LL || ubignum == 0uLL || newvar[0] == 'x'
| 	  || dynamic_array[ni.number - 1] != 543);
| 
|   ;
|   return 0;
| }
configure:4447: gcc -std=gnu99 -c -g -O0  conftest.c >&5
configure:4447: $? = 0
configure:4467: result: -std=gnu99
configure:4569: checking for gcc -std=gnu99 option to accept ISO Standard C
configure:4583: result: -std=gnu99
configure:4588: checking whether ln -s works
configure:4592: result: yes
configure:4599: checking whether make sets $(MAKE)
configure:4621: result: yes
configure:4634: checking build system type
configure:4648: result: i686-pc-linux-gnu
configure:4668: checking host system type
configure:4681: result: i686-pc-linux-gnu
configure:5029: checking for a sed that does not truncate output
configure:5093: result: /bin/sed
configure:5111: checking for grep that handles long lines and -e
configure:5169: result: /bin/grep
configure:5174: checking for egrep
configure:5236: result: /bin/grep -E
configure:5241: checking for fgrep
configure:5303: result: /bin/grep -F
configure:5338: checking for ld used by gcc -std=gnu99
configure:5405: result: /usr/bin/ld
configure:5412: checking if the linker (/usr/bin/ld) is GNU ld
configure:5427: result: yes
configure:5439: checking for BSD- or MS-compatible name lister (nm)
configure:5488: result: /usr/bin/nm -B
configure:5606: checking the name lister (/usr/bin/nm -B) interface
configure:5613: gcc -std=gnu99 -c -g -O0  conftest.c >&5
configure:5616: /usr/bin/nm -B "conftest.o"
configure:5619: output
00000000 B some_variable
configure:5626: result: BSD nm
configure:5630: checking the maximum length of command line arguments
configure:5750: result: 1572864
configure:5767: checking whether the shell understands some XSI constructs
configure:5777: result: yes
configure:5781: checking whether the shell understands "+="
configure:5787: result: yes
configure:5822: checking for /usr/bin/ld option to reload object files
configure:5829: result: -r
configure:5898: checking for objdump
configure:5925: result: objdump
configure:5954: checking how to recognize dependent libraries
configure:6150: result: pass_all
configure:6210: checking for ar
configure:6226: found /usr/bin/ar
configure:6237: result: ar
configure:6315: checking for strip
configure:6331: found /usr/bin/strip
configure:6342: result: strip
configure:6414: checking for ranlib
configure:6430: found /usr/bin/ranlib
configure:6441: result: ranlib
configure:6531: checking command to parse /usr/bin/nm -B output from gcc -std=gnu99 object
configure:6649: gcc -std=gnu99 -c -g -O0  conftest.c >&5
configure:6652: $? = 0
configure:6656: /usr/bin/nm -B conftest.o \| sed -n -e 's/^.*[	 ]\([ABCDGIRSTW][ABCDGIRSTW]*\)[	 ][	 ]*\([_A-Za-z][_A-Za-z0-9]*\)$/\1 \2 \2/p' \> conftest.nm
configure:6659: $? = 0
configure:6713: gcc -std=gnu99 -o conftest -g -O0   conftest.c conftstm.o >&5
configure:6716: $? = 0
configure:6754: result: ok
configure:7563: checking how to run the C preprocessor
configure:7594: gcc -std=gnu99 -E  conftest.c
configure:7594: $? = 0
configure:7608: gcc -std=gnu99 -E  conftest.c
conftest.c:11: fatal error: ac_nonexistent.h: No such file or directory
compilation terminated.
configure:7608: $? = 1
configure: failed program was:
| /* confdefs.h */
| #define PACKAGE_NAME "nlopt"
| #define PACKAGE_TARNAME "nlopt"
| #define PACKAGE_VERSION "2.2.1"
| #define PACKAGE_STRING "nlopt 2.2.1"
| #define PACKAGE_BUGREPORT "stevenj@alum.mit.edu"
| #define PACKAGE_URL ""
| #define PACKAGE "nlopt"
| #define VERSION "2.2.1"
| /* end confdefs.h.  */
| #include <ac_nonexistent.h>
configure:7633: result: gcc -std=gnu99 -E
configure:7653: gcc -std=gnu99 -E  conftest.c
configure:7653: $? = 0
configure:7667: gcc -std=gnu99 -E  conftest.c
conftest.c:11: fatal error: ac_nonexistent.h: No such file or directory
compilation terminated.
configure:7667: $? = 1
configure: failed program was:
| /* confdefs.h */
| #define PACKAGE_NAME "nlopt"
| #define PACKAGE_TARNAME "nlopt"
| #define PACKAGE_VERSION "2.2.1"
| #define PACKAGE_STRING "nlopt 2.2.1"
| #define PACKAGE_BUGREPORT "stevenj@alum.mit.edu"
| #define PACKAGE_URL ""
| #define PACKAGE "nlopt"
| #define VERSION "2.2.1"
| /* end confdefs.h.  */
| #include <ac_nonexistent.h>
configure:7696: checking for ANSI C header files
configure:7716: gcc -std=gnu99 -c -g -O0  conftest.c >&5
configure:7716: $? = 0
configure:7789: gcc -std=gnu99 -o conftest -g -O0   conftest.c  >&5
configure:7789: $? = 0
configure:7789: ./conftest
configure:7789: $? = 0
configure:7800: result: yes
configure:7813: checking for sys/types.h
configure:7813: gcc -std=gnu99 -c -g -O0  conftest.c >&5
configure:7813: $? = 0
configure:7813: result: yes
configure:7813: checking for sys/stat.h
configure:7813: gcc -std=gnu99 -c -g -O0  conftest.c >&5
configure:7813: $? = 0
configure:7813: result: yes
configure:7813: checking for stdlib.h
configure:7813: gcc -std=gnu99 -c -g -O0  conftest.c >&5
configure:7813: $? = 0
configure:7813: result: yes
configure:7813: checking for string.h
configure:7813: gcc -std=gnu99 -c -g -O0  conftest.c >&5
configure:7813: $? = 0
configure:7813: result: yes
configure:7813: checking for memory.h
configure:7813: gcc -std=gnu99 -c -g -O0  conftest.c >&5
configure:7813: $? = 0
configure:7813: result: yes
configure:7813: checking for strings.h
configure:7813: gcc -std=gnu99 -c -g -O0  conftest.c >&5
configure:7813: $? = 0
configure:7813: result: yes
configure:7813: checking for inttypes.h
configure:7813: gcc -std=gnu99 -c -g -O0  conftest.c >&5
configure:7813: $? = 0
configure:7813: result: yes
configure:7813: checking for stdint.h
configure:7813: gcc -std=gnu99 -c -g -O0  conftest.c >&5
configure:7813: $? = 0
configure:7813: result: yes
configure:7813: checking for unistd.h
configure:7813: gcc -std=gnu99 -c -g -O0  conftest.c >&5
configure:7813: $? = 0
configure:7813: result: yes
configure:7827: checking for dlfcn.h
configure:7827: gcc -std=gnu99 -c -g -O0  conftest.c >&5
configure:7827: $? = 0
configure:7827: result: yes
configure:7979: checking for objdir
configure:7994: result: .libs
configure:8290: checking if gcc -std=gnu99 supports -fno-rtti -fno-exceptions
configure:8308: gcc -std=gnu99 -c -g -O0  -fno-rtti -fno-exceptions conftest.c >&5
cc1: warning: command line option "-fno-rtti" is valid for C++/ObjC++ but not for C
configure:8312: $? = 0
configure:8325: result: no
configure:8345: checking for gcc -std=gnu99 option to produce PIC
configure:8617: result: -fPIC -DPIC
configure:8629: checking if gcc -std=gnu99 PIC flag -fPIC -DPIC works
configure:8647: gcc -std=gnu99 -c -g -O0  -fPIC -DPIC -DPIC conftest.c >&5
configure:8651: $? = 0
configure:8664: result: yes
configure:8688: checking if gcc -std=gnu99 static flag -static works
configure:8716: result: yes
configure:8731: checking if gcc -std=gnu99 supports -c -o file.o
configure:8752: gcc -std=gnu99 -c -g -O0  -o out/conftest2.o conftest.c >&5
configure:8756: $? = 0
configure:8778: result: yes
configure:8786: checking if gcc -std=gnu99 supports -c -o file.o
configure:8833: result: yes
configure:8866: checking whether the gcc -std=gnu99 linker (/usr/bin/ld) supports shared libraries
configure:9852: result: yes
configure:10091: checking dynamic linker characteristics
configure:10524: gcc -std=gnu99 -o conftest -g -O0   -Wl,-rpath -Wl,/foo conftest.c  >&5
configure:10524: $? = 0
configure:10742: result: GNU/Linux ld.so
configure:10844: checking how to hardcode library paths into programs
configure:10869: result: immediate
configure:11389: checking whether stripping libraries is possible
configure:11394: result: yes
configure:11429: checking if libtool supports shared libraries
configure:11431: result: yes
configure:11434: checking whether to build shared libraries
configure:11455: result: no
configure:11458: checking whether to build static libraries
configure:11462: result: yes
configure:11573: checking for g++
configure:11589: found /usr/bin/g++
configure:11600: result: g++
configure:11627: checking for C++ compiler version
configure:11636: g++ --version >&5
g++ (Ubuntu/Linaro 4.4.4-14ubuntu5) 4.4.5
Copyright (C) 2010 Free Software Foundation, Inc.
This is free software; see the source for copying conditions.  There is NO
warranty; not even for MERCHANTABILITY or FITNESS FOR A PARTICULAR PURPOSE.

configure:11647: $? = 0
configure:11636: g++ -v >&5
Using built-in specs.
Target: i686-linux-gnu
Configured with: ../src/configure -v --with-pkgversion='Ubuntu/Linaro 4.4.4-14ubuntu5' --with-bugurl=file:///usr/share/doc/gcc-4.4/README.Bugs --enable-languages=c,c++,fortran,objc,obj-c++ --prefix=/usr --program-suffix=-4.4 --enable-shared --enable-multiarch --enable-linker-build-id --with-system-zlib --libexecdir=/usr/lib --without-included-gettext --enable-threads=posix --with-gxx-include-dir=/usr/include/c++/4.4 --libdir=/usr/lib --enable-nls --with-sysroot=/ --enable-clocale=gnu --enable-libstdcxx-debug --enable-objc-gc --enable-targets=all --disable-werror --with-arch-32=i686 --with-tune=generic --enable-checking=release --build=i686-linux-gnu --host=i686-linux-gnu --target=i686-linux-gnu
Thread model: posix
gcc version 4.4.5 (Ubuntu/Linaro 4.4.4-14ubuntu5) 
configure:11647: $? = 0
configure:11636: g++ -V >&5
g++: '-V' option must have argument
configure:11647: $? = 1
configure:11636: g++ -qversion >&5
g++: unrecognized option '-qversion'
g++: no input files
configure:11647: $? = 1
configure:11651: checking whether we are using the GNU C++ compiler
configure:11670: g++ -c   conftest.cpp >&5
configure:11670: $? = 0
configure:11679: result: yes
configure:11688: checking whether g++ accepts -g
configure:11708: g++ -c -g  conftest.cpp >&5
configure:11708: $? = 0
configure:11749: result: yes
configure:11774: checking dependency style of g++
configure:11884: result: gcc3
configure:12012: checking for C++ compiler version
configure:12021: g++ --version >&5
g++ (Ubuntu/Linaro 4.4.4-14ubuntu5) 4.4.5
Copyright (C) 2010 Free Software Foundation, Inc.
This is free software; see the source for copying conditions.  There is NO
warranty; not even for MERCHANTABILITY or FITNESS FOR A PARTICULAR PURPOSE.

configure:12032: $? = 0
configure:12021: g++ -v >&5
Using built-in specs.
Target: i686-linux-gnu
Configured with: ../src/configure -v --with-pkgversion='Ubuntu/Linaro 4.4.4-14ubuntu5' --with-bugurl=file:///usr/share/doc/gcc-4.4/README.Bugs --enable-languages=c,c++,fortran,objc,obj-c++ --prefix=/usr --program-suffix=-4.4 --enable-shared --enable-multiarch --enable-linker-build-id --with-system-zlib --libexecdir=/usr/lib --without-included-gettext --enable-threads=posix --with-gxx-include-dir=/usr/include/c++/4.4 --libdir=/usr/lib --enable-nls --with-sysroot=/ --enable-clocale=gnu --enable-libstdcxx-debug --enable-objc-gc --enable-targets=all --disable-werror --with-arch-32=i686 --with-tune=generic --enable-checking=release --build=i686-linux-gnu --host=i686-linux-gnu --target=i686-linux-gnu
Thread model: posix
gcc version 4.4.5 (Ubuntu/Linaro 4.4.4-14ubuntu5) 
configure:12032: $? = 0
configure:12021: g++ -V >&5
g++: '-V' option must have argument
configure:12032: $? = 1
configure:12021: g++ -qversion >&5
g++: unrecognized option '-qversion'
g++: no input files
configure:12032: $? = 1
configure:12036: checking whether we are using the GNU C++ compiler
configure:12064: result: yes
configure:12073: checking whether g++ accepts -g
configure:12134: result: yes
configure:12159: checking dependency style of g++
configure:12269: result: gcc3
configure:12292: checking how to run the C++ preprocessor
configure:12319: g++ -E  conftest.cpp
configure:12319: $? = 0
configure:12333: g++ -E  conftest.cpp
conftest.cpp:23: fatal error: ac_nonexistent.h: No such file or directory
compilation terminated.
configure:12333: $? = 1
configure: failed program was:
| /* confdefs.h */
| #define PACKAGE_NAME "nlopt"
| #define PACKAGE_TARNAME "nlopt"
| #define PACKAGE_VERSION "2.2.1"
| #define PACKAGE_STRING "nlopt 2.2.1"
| #define PACKAGE_BUGREPORT "stevenj@alum.mit.edu"
| #define PACKAGE_URL ""
| #define PACKAGE "nlopt"
| #define VERSION "2.2.1"
| #define STDC_HEADERS 1
| #define HAVE_SYS_TYPES_H 1
| #define HAVE_SYS_STAT_H 1
| #define HAVE_STDLIB_H 1
| #define HAVE_STRING_H 1
| #define HAVE_MEMORY_H 1
| #define HAVE_STRINGS_H 1
| #define HAVE_INTTYPES_H 1
| #define HAVE_STDINT_H 1
| #define HAVE_UNISTD_H 1
| #define HAVE_DLFCN_H 1
| #define LT_OBJDIR ".libs/"
| /* end confdefs.h.  */
| #include <ac_nonexistent.h>
configure:12358: result: g++ -E
configure:12378: g++ -E  conftest.cpp
configure:12378: $? = 0
configure:12392: g++ -E  conftest.cpp
conftest.cpp:23: fatal error: ac_nonexistent.h: No such file or directory
compilation terminated.
configure:12392: $? = 1
configure: failed program was:
| /* confdefs.h */
| #define PACKAGE_NAME "nlopt"
| #define PACKAGE_TARNAME "nlopt"
| #define PACKAGE_VERSION "2.2.1"
| #define PACKAGE_STRING "nlopt 2.2.1"
| #define PACKAGE_BUGREPORT "stevenj@alum.mit.edu"
| #define PACKAGE_URL ""
| #define PACKAGE "nlopt"
| #define VERSION "2.2.1"
| #define STDC_HEADERS 1
| #define HAVE_SYS_TYPES_H 1
| #define HAVE_SYS_STAT_H 1
| #define HAVE_STDLIB_H 1
| #define HAVE_STRING_H 1
| #define HAVE_MEMORY_H 1
| #define HAVE_STRINGS_H 1
| #define HAVE_INTTYPES_H 1
| #define HAVE_STDINT_H 1
| #define HAVE_UNISTD_H 1
| #define HAVE_DLFCN_H 1
| #define LT_OBJDIR ".libs/"
| /* end confdefs.h.  */
| #include <ac_nonexistent.h>
configure:12560: checking for ld used by g++
configure:12627: result: /usr/bin/ld
configure:12634: checking if the linker (/usr/bin/ld) is GNU ld
configure:12649: result: yes
configure:12704: checking whether the g++ linker (/usr/bin/ld) supports shared libraries
configure:13617: result: yes
configure:13645: g++ -c -g -O0  conftest.cpp >&5
configure:13648: $? = 0
configure:13830: checking for g++ option to produce PIC
configure:14147: result: -fPIC -DPIC
configure:14156: checking if g++ PIC flag -fPIC -DPIC works
configure:14174: g++ -c -g -O0  -fPIC -DPIC -DPIC conftest.cpp >&5
configure:14178: $? = 0
configure:14191: result: yes
configure:14212: checking if g++ static flag -static works
configure:14240: result: yes
configure:14252: checking if g++ supports -c -o file.o
configure:14273: g++ -c -g -O0  -o out/conftest2.o conftest.cpp >&5
configure:14277: $? = 0
configure:14299: result: yes
configure:14304: checking if g++ supports -c -o file.o
configure:14351: result: yes
configure:14381: checking whether the g++ linker (/usr/bin/ld) supports shared libraries
configure:14407: result: yes
configure:14544: checking dynamic linker characteristics
configure:14925: g++ -o conftest -g -O0   -Wl,-rpath -Wl,/foo conftest.cpp  >&5
configure:14925: $? = 0
configure:15143: result: GNU/Linux ld.so
configure:15194: checking how to hardcode library paths into programs
configure:15219: result: immediate
configure:15281: checking for ANSI C header files
configure:15385: result: yes
configure:15393: checking whether time.h and sys/time.h may both be included
configure:15413: gcc -std=gnu99 -c -g -O0  conftest.c >&5
configure:15413: $? = 0
configure:15420: result: yes
configure:15431: checking for unistd.h
configure:15431: result: yes
configure:15431: checking getopt.h usability
configure:15431: gcc -std=gnu99 -c -g -O0  conftest.c >&5
configure:15431: $? = 0
configure:15431: result: yes
configure:15431: checking getopt.h presence
configure:15431: gcc -std=gnu99 -E  conftest.c
configure:15431: $? = 0
configure:15431: result: yes
configure:15431: checking for getopt.h
configure:15431: result: yes
configure:15431: checking for stdint.h
configure:15431: result: yes
configure:15441: checking for an ANSI C-conforming const
configure:15506: gcc -std=gnu99 -c -g -O0  conftest.c >&5
configure:15506: $? = 0
configure:15513: result: yes
configure:15521: checking for inline
configure:15537: gcc -std=gnu99 -c -g -O0  conftest.c >&5
configure:15537: $? = 0
configure:15545: result: inline
configure:15571: checking for C thread-local keyword
configure:15599: gcc -std=gnu99 -c -g -O0  conftest.c >&5
configure:15599: $? = 0
configure:15613: result: __thread
configure:15634: checking size of unsigned int
configure:15639: gcc -std=gnu99 -o conftest -g -O0   conftest.c  >&5
configure:15639: $? = 0
configure:15639: ./conftest
configure:15639: $? = 0
configure:15653: result: 4
configure:15667: checking size of unsigned long
configure:15672: gcc -std=gnu99 -o conftest -g -O0   conftest.c  >&5
configure:15672: $? = 0
configure:15672: ./conftest
configure:15672: $? = 0
configure:15686: result: 4
configure:15696: checking for uint32_t
configure:15696: gcc -std=gnu99 -c -g -O0  conftest.c >&5
configure:15696: $? = 0
configure:15696: gcc -std=gnu99 -c -g -O0  conftest.c >&5
conftest.c: In function 'main':
conftest.c:71: error: expected expression before ')' token
configure:15696: $? = 1
configure: failed program was:
| /* confdefs.h */
| #define PACKAGE_NAME "nlopt"
| #define PACKAGE_TARNAME "nlopt"
| #define PACKAGE_VERSION "2.2.1"
| #define PACKAGE_STRING "nlopt 2.2.1"
| #define PACKAGE_BUGREPORT "stevenj@alum.mit.edu"
| #define PACKAGE_URL ""
| #define PACKAGE "nlopt"
| #define VERSION "2.2.1"
| #define STDC_HEADERS 1
| #define HAVE_SYS_TYPES_H 1
| #define HAVE_SYS_STAT_H 1
| #define HAVE_STDLIB_H 1
| #define HAVE_STRING_H 1
| #define HAVE_MEMORY_H 1
| #define HAVE_STRINGS_H 1
| #define HAVE_INTTYPES_H 1
| #define HAVE_STDINT_H 1
| #define HAVE_UNISTD_H 1
| #define HAVE_DLFCN_H 1
| #define LT_OBJDIR ".libs/"
| #define STDC_HEADERS 1
| #define TIME_WITH_SYS_TIME 1
| #define HAVE_UNISTD_H 1
| #define HAVE_GETOPT_H 1
| #define HAVE_STDINT_H 1
| #define THREADLOCAL __thread
| #define SIZEOF_UNSIGNED_INT 4
| #define SIZEOF_UNSIGNED_LONG 4
| /* end confdefs.h.  */
| #include <stdio.h>
| #ifdef HAVE_SYS_TYPES_H
| # include <sys/types.h>
| #endif
| #ifdef HAVE_SYS_STAT_H
| # include <sys/stat.h>
| #endif
| #ifdef STDC_HEADERS
| # include <stdlib.h>
| # include <stddef.h>
| #else
| # ifdef HAVE_STDLIB_H
| #  include <stdlib.h>
| # endif
| #endif
| #ifdef HAVE_STRING_H
| # if !defined STDC_HEADERS && defined HAVE_MEMORY_H
| #  include <memory.h>
| # endif
| # include <string.h>
| #endif
| #ifdef HAVE_STRINGS_H
| # include <strings.h>
| #endif
| #ifdef HAVE_INTTYPES_H
| # include <inttypes.h>
| #endif
| #ifdef HAVE_STDINT_H
| # include <stdint.h>
| #endif
| #ifdef HAVE_UNISTD_H
| # include <unistd.h>
| #endif
| #ifdef HAVE_STDINT_H
| #  include <stdint.h>
| #endif
| 
| int
| main ()
| {
| if (sizeof ((uint32_t)))
| 	    return 0;
|   ;
|   return 0;
| }
configure:15696: result: yes
configure:15711: checking for sin in -lm
configure:15736: gcc -std=gnu99 -o conftest -g -O0   conftest.c -lm   >&5
conftest.c:39: warning: conflicting types for built-in function 'sin'
configure:15736: $? = 0
configure:15745: result: yes
configure:15759: checking for BSDgettimeofday
configure:15759: gcc -std=gnu99 -o conftest -g -O0   conftest.c -lm  >&5
/tmp/cc5OYSBl.o: In function `main':
/home/khalefa/forecast/pfff/nlopt-2.2.1/conftest.c:67: undefined reference to `BSDgettimeofday'
collect2: ld returned 1 exit status
configure:15759: $? = 1
configure: failed program was:
| /* confdefs.h */
| #define PACKAGE_NAME "nlopt"
| #define PACKAGE_TARNAME "nlopt"
| #define PACKAGE_VERSION "2.2.1"
| #define PACKAGE_STRING "nlopt 2.2.1"
| #define PACKAGE_BUGREPORT "stevenj@alum.mit.edu"
| #define PACKAGE_URL ""
| #define PACKAGE "nlopt"
| #define VERSION "2.2.1"
| #define STDC_HEADERS 1
| #define HAVE_SYS_TYPES_H 1
| #define HAVE_SYS_STAT_H 1
| #define HAVE_STDLIB_H 1
| #define HAVE_STRING_H 1
| #define HAVE_MEMORY_H 1
| #define HAVE_STRINGS_H 1
| #define HAVE_INTTYPES_H 1
| #define HAVE_STDINT_H 1
| #define HAVE_UNISTD_H 1
| #define HAVE_DLFCN_H 1
| #define LT_OBJDIR ".libs/"
| #define STDC_HEADERS 1
| #define TIME_WITH_SYS_TIME 1
| #define HAVE_UNISTD_H 1
| #define HAVE_GETOPT_H 1
| #define HAVE_STDINT_H 1
| #define THREADLOCAL __thread
| #define SIZEOF_UNSIGNED_INT 4
| #define SIZEOF_UNSIGNED_LONG 4
| #define HAVE_UINT32_T 1
| #define HAVE_LIBM 1
| /* end confdefs.h.  */
| /* Define BSDgettimeofday to an innocuous variant, in case <limits.h> declares BSDgettimeofday.
|    For example, HP-UX 11i <limits.h> declares gettimeofday.  */
| #define BSDgettimeofday innocuous_BSDgettimeofday
| 
| /* System header to define __stub macros and hopefully few prototypes,
|     which can conflict with char BSDgettimeofday (); below.
|     Prefer <limits.h> to <assert.h> if __STDC__ is defined, since
|     <limits.h> exists even on freestanding compilers.  */
| 
| #ifdef __STDC__
| # include <limits.h>
| #else
| # include <assert.h>
| #endif
| 
| #undef BSDgettimeofday
| 
| /* Override any GCC internal prototype to avoid an error.
|    Use char because int might match the return type of a GCC
|    builtin and then its argument prototype would still apply.  */
| #ifdef __cplusplus
| extern "C"
| #endif
| char BSDgettimeofday ();
| /* The GNU C library defines this for functions which it implements
|     to always fail with ENOSYS.  Some functions are actually named
|     something starting with __ and the normal name is an alias.  */
| #if defined __stub_BSDgettimeofday || defined __stub___BSDgettimeofday
| choke me
| #endif
| 
| int
| main ()
| {
| return BSDgettimeofday ();
|   ;
|   return 0;
| }
configure:15759: result: no
configure:15759: checking for gettimeofday
configure:15759: gcc -std=gnu99 -o conftest -g -O0   conftest.c -lm  >&5
configure:15759: $? = 0
configure:15759: result: yes
configure:15759: checking for time
configure:15759: gcc -std=gnu99 -o conftest -g -O0   conftest.c -lm  >&5
configure:15759: $? = 0
configure:15759: result: yes
configure:15759: checking for qsort_r
configure:15759: gcc -std=gnu99 -o conftest -g -O0   conftest.c -lm  >&5
configure:15759: $? = 0
configure:15759: result: yes
configure:15759: checking for getpid
configure:15759: gcc -std=gnu99 -o conftest -g -O0   conftest.c -lm  >&5
configure:15759: $? = 0
configure:15759: result: yes
configure:15769: checking for gettid syscall
configure:15784: gcc -std=gnu99 -o conftest -g -O0   conftest.c -lm  >&5
configure:15784: $? = 0
configure:15796: result: yes
configure:15799: checking for isnan
configure:15813: gcc -std=gnu99 -o conftest -g -O0   conftest.c -lm  >&5
configure:15813: $? = 0
configure:15825: result: yes
configure:15828: checking for isinf
configure:15842: gcc -std=gnu99 -o conftest -g -O0   conftest.c -lm  >&5
configure:15842: $? = 0
configure:15854: result: yes
configure:15857: checking for copysign
configure:15871: gcc -std=gnu99 -o conftest -g -O0   conftest.c -lm  >&5
configure:15871: $? = 0
configure:15883: result: yes
configure:15923: WARNING: Python and Guile wrappers require --enable-shared; disabling
configure:16317: checking for mkoctfile
configure:16347: result: no
configure:16360: WARNING: can't find mkoctfile: won't be able to compile GNU Octave plugin
configure:16553: checking for mex
configure:16583: result: no
configure:16595: WARNING: can't find mex: won't be able to compile Matlab plugin
configure:16721: checking for working HUGE_VAL
configure:16734: gcc -std=gnu99 -c -g -O0  conftest.c >&5
configure:16734: $? = 0
configure:16735: result: ok
configure:16980: creating ./config.status

## ---------------------- ##
## Running config.status. ##
## ---------------------- ##

This file was extended by nlopt config.status 2.2.1, which was
generated by GNU Autoconf 2.66.  Invocation command line was

  CONFIG_FILES    = 
  CONFIG_HEADERS  = 
  CONFIG_LINKS    = 
  CONFIG_COMMANDS = 
  $ ./config.status 

on ubuntu

config.status:1213: creating Makefile
config.status:1213: creating nlopt.pc
config.status:1213: creating api/Makefile
config.status:1213: creating util/Makefile
config.status:1213: creating octave/Makefile
config.status:1213: creating direct/Makefile
config.status:1213: creating cdirect/Makefile
config.status:1213: creating stogo/Makefile
config.status:1213: creating praxis/Makefile
config.status:1213: creating lbfgs/Makefile
config.status:1213: creating luksan/Makefile
config.status:1213: creating crs/Makefile
config.status:1213: creating mlsl/Makefile
config.status:1213: creating mma/Makefile
config.status:1213: creating cobyla/Makefile
config.status:1213: creating newuoa/Makefile
config.status:1213: creating neldermead/Makefile
config.status:1213: creating auglag/Makefile
config.status:1213: creating bobyqa/Makefile
config.status:1213: creating isres/Makefile
config.status:1213: creating slsqp/Makefile
config.status:1213: creating test/Makefile
config.status:1213: creating swig/Makefile
config.status:1213: creating swig/nlopt.scm
config.status:1213: creating config.h
config.status:1393: config.h is unchanged
config.status:1441: executing depfiles commands
config.status:1441: executing libtool commands

## ---------------- ##
## Cache variables. ##
## ---------------- ##

ac_cv_build=i686-pc-linux-gnu
ac_cv_c_compiler_gnu=yes
ac_cv_c_const=yes
ac_cv_c_inline=inline
ac_cv_cxx_compiler_gnu=yes
ac_cv_env_CCC_set=
ac_cv_env_CCC_value=
ac_cv_env_CC_set=
ac_cv_env_CC_value=
ac_cv_env_CFLAGS_set=
ac_cv_env_CFLAGS_value=
ac_cv_env_CPPFLAGS_set=
ac_cv_env_CPPFLAGS_value=
ac_cv_env_CPP_set=
ac_cv_env_CPP_value=
ac_cv_env_CXXCPP_set=
ac_cv_env_CXXCPP_value=
ac_cv_env_CXXFLAGS_set=
ac_cv_env_CXXFLAGS_value=
ac_cv_env_CXX_set=
ac_cv_env_CXX_value=
ac_cv_env_GUILE_INSTALL_DIR_set=
ac_cv_env_GUILE_INSTALL_DIR_value=
ac_cv_env_LDFLAGS_set=
ac_cv_env_LDFLAGS_value=
ac_cv_env_LIBS_set=
ac_cv_env_LIBS_value=
ac_cv_env_MEX_INSTALL_DIR_set=
ac_cv_env_MEX_INSTALL_DIR_value=
ac_cv_env_MEX_set=
ac_cv_env_MEX_value=
ac_cv_env_MKOCTFILE_set=
ac_cv_env_MKOCTFILE_value=
ac_cv_env_M_INSTALL_DIR_set=
ac_cv_env_M_INSTALL_DIR_value=
ac_cv_env_OCT_INSTALL_DIR_set=
ac_cv_env_OCT_INSTALL_DIR_value=
ac_cv_env_build_alias_set=
ac_cv_env_build_alias_value=
ac_cv_env_host_alias_set=
ac_cv_env_host_alias_value=
ac_cv_env_target_alias_set=
ac_cv_env_target_alias_value=
ac_cv_func_BSDgettimeofday=no
ac_cv_func_getpid=yes
ac_cv_func_gettimeofday=yes
ac_cv_func_qsort_r=yes
ac_cv_func_time=yes
ac_cv_header_dlfcn_h=yes
ac_cv_header_getopt_h=yes
ac_cv_header_inttypes_h=yes
ac_cv_header_memory_h=yes
ac_cv_header_stdc=yes
ac_cv_header_stdint_h=yes
ac_cv_header_stdlib_h=yes
ac_cv_header_string_h=yes
ac_cv_header_strings_h=yes
ac_cv_header_sys_stat_h=yes
ac_cv_header_sys_types_h=yes
ac_cv_header_time=yes
ac_cv_header_unistd_h=yes
ac_cv_host=i686-pc-linux-gnu
ac_cv_lib_m_sin=yes
ac_cv_objext=o
ac_cv_path_EGREP='/bin/grep -E'
ac_cv_path_FGREP='/bin/grep -F'
ac_cv_path_GREP=/bin/grep
ac_cv_path_SED=/bin/sed
ac_cv_path_install='/usr/bin/install -c'
ac_cv_path_mkdir=/bin/mkdir
ac_cv_prog_AWK=gawk
ac_cv_prog_CPP='gcc -std=gnu99 -E'
ac_cv_prog_CXXCPP='g++ -E'
ac_cv_prog_ac_ct_AR=ar
ac_cv_prog_ac_ct_CC=gcc
ac_cv_prog_ac_ct_CXX=g++
ac_cv_prog_ac_ct_OBJDUMP=objdump
ac_cv_prog_ac_ct_RANLIB=ranlib
ac_cv_prog_ac_ct_STRIP=strip
ac_cv_prog_cc_c89=
ac_cv_prog_cc_c99=-std=gnu99
ac_cv_prog_cc_g=yes
ac_cv_prog_cc_stdc=-std=gnu99
ac_cv_prog_cxx_g=yes
ac_cv_prog_make_make_set=yes
ac_cv_sizeof_unsigned_int=4
ac_cv_sizeof_unsigned_long=4
ac_cv_type_uint32_t=yes
am_cv_CC_dependencies_compiler_type=gcc3
am_cv_CXX_dependencies_compiler_type=gcc3
ax_cv_c_threadlocal=__thread
lt_cv_deplibs_check_method=pass_all
lt_cv_file_magic_cmd='$MAGIC_CMD'
lt_cv_file_magic_test_file=
lt_cv_ld_reload_flag=-r
lt_cv_nm_interface='BSD nm'
lt_cv_objdir=.libs
lt_cv_path_LD=/usr/bin/ld
lt_cv_path_LDCXX=/usr/bin/ld
lt_cv_path_NM='/usr/bin/nm -B'
lt_cv_prog_compiler_c_o=yes
lt_cv_prog_compiler_c_o_CXX=yes
lt_cv_prog_compiler_pic_works=yes
lt_cv_prog_compiler_pic_works_CXX=yes
lt_cv_prog_compiler_rtti_exceptions=no
lt_cv_prog_compiler_static_works=yes
lt_cv_prog_compiler_static_works_CXX=yes
lt_cv_prog_gnu_ld=yes
lt_cv_prog_gnu_ldcxx=yes
lt_cv_sys_global_symbol_pipe='sed -n -e '\''s/^.*[	 ]\([ABCDGIRSTW][ABCDGIRSTW]*\)[	 ][	 ]*\([_A-Za-z][_A-Za-z0-9]*\)$/\1 \2 \2/p'\'''
lt_cv_sys_global_symbol_to_c_name_address='sed -n -e '\''s/^: \([^ ]*\) $/  {\"\1\", (void *) 0},/p'\'' -e '\''s/^[ABCDGIRSTW]* \([^ ]*\) \([^ ]*\)$/  {"\2", (void *) \&\2},/p'\'''
lt_cv_sys_global_symbol_to_c_name_address_lib_prefix='sed -n -e '\''s/^: \([^ ]*\) $/  {\"\1\", (void *) 0},/p'\'' -e '\''s/^[ABCDGIRSTW]* \([^ ]*\) \(lib[^ ]*\)$/  {"\2", (void *) \&\2},/p'\'' -e '\''s/^[ABCDGIRSTW]* \([^ ]*\) \([^ ]*\)$/  {"lib\2", (void *) \&\2},/p'\'''
lt_cv_sys_global_symbol_to_cdecl='sed -n -e '\''s/^T .* \(.*\)$/extern int \1();/p'\'' -e '\''s/^[ABCDGIRSTW]* .* \(.*\)$/extern char \1;/p'\'''
lt_cv_sys_max_cmd_len=1572864

## ----------------- ##
## Output variables. ##
## ----------------- ##

ACLOCAL='${SHELL} /home/khalefa/forecast/pfff/nlopt-2.2.1/missing --run aclocal-1.11'
AMDEPBACKSLASH='\'
AMDEP_FALSE='#'
AMDEP_TRUE=''
AMTAR='${SHELL} /home/khalefa/forecast/pfff/nlopt-2.2.1/missing --run tar'
AR='ar'
AS='as'
AUTOCONF='${SHELL} /home/khalefa/forecast/pfff/nlopt-2.2.1/missing --run autoconf'
AUTOHEADER='${SHELL} /home/khalefa/forecast/pfff/nlopt-2.2.1/missing --run autoheader'
AUTOMAKE='${SHELL} /home/khalefa/forecast/pfff/nlopt-2.2.1/missing --run automake-1.11'
AWK='gawk'
CC='gcc -std=gnu99'
CCDEPMODE='depmode=gcc3'
CFLAGS='-g -O0'
CPP='gcc -std=gnu99 -E'
CPPFLAGS=''
CXX='g++'
CXXCPP='g++ -E'
CXXDEPMODE='depmode=gcc3'
CXXFLAGS='-g -O0'
CYGPATH_W='echo'
DEFS='-DHAVE_CONFIG_H'
DEPDIR='.deps'
DLLTOOL='dlltool'
DSYMUTIL=''
DUMPBIN=''
ECHO_C=''
ECHO_N='-n'
ECHO_T=''
EGREP='/bin/grep -E'
EXEEXT=''
FGREP='/bin/grep -F'
GREP='/bin/grep'
GUILE=''
GUILE_CONFIG='unknown'
GUILE_CPPFLAGS=''
GUILE_INSTALL_DIR=''
GUILE_LIBS=''
INSTALL_DATA='${INSTALL} -m 644'
INSTALL_PROGRAM='${INSTALL}'
INSTALL_SCRIPT='${INSTALL}'
INSTALL_STRIP_PROGRAM='$(install_sh) -c -s'
LD='/usr/bin/ld'
LDFLAGS=''
LIBOBJS=''
LIBS='-lm '
LIBTOOL='$(SHELL) $(top_builddir)/libtool'
LIPO=''
LN_S='ln -s'
LTLIBOBJS=''
MAINT='#'
MAINTAINER_MODE_FALSE=''
MAINTAINER_MODE_TRUE='#'
MAKEINFO='${SHELL} /home/khalefa/forecast/pfff/nlopt-2.2.1/missing --run makeinfo'
MATLAB=''
MEX='echo'
MEXSUFF=''
MEX_INSTALL_DIR=''
MKDIR_P='/bin/mkdir -p'
MKOCTFILE='echo'
M_INSTALL_DIR=''
NLOPT_SUFFIX=''
NM='/usr/bin/nm -B'
NMEDIT=''
OBJDUMP='objdump'
OBJEXT='o'
OCTAVE=''
OCTAVE_CONFIG=''
OCT_INSTALL_DIR=''
OTOOL64=''
OTOOL=''
PACKAGE='nlopt'
PACKAGE_BUGREPORT='stevenj@alum.mit.edu'
PACKAGE_NAME='nlopt'
PACKAGE_STRING='nlopt 2.2.1'
PACKAGE_TARNAME='nlopt'
PACKAGE_URL=''
PACKAGE_VERSION='2.2.1'
PATH_SEPARATOR=':'
PYTHON=''
PYTHON_EXEC_PREFIX=''
PYTHON_INCLUDES=''
PYTHON_PLATFORM=''
PYTHON_PREFIX=''
PYTHON_VERSION=''
RANLIB='ranlib'
SED='/bin/sed'
SET_MAKE=''
SHARED_VERSION_INFO='5:1:5'
SHELL='/bin/bash'
STRIP='strip'
VERSION='2.2.1'
WITH_CXX_FALSE=''
WITH_CXX_TRUE='#'
WITH_GUILE_FALSE=''
WITH_GUILE_TRUE='#'
WITH_MATLAB_FALSE=''
WITH_MATLAB_TRUE='#'
WITH_NOCEDAL_FALSE=''
WITH_NOCEDAL_TRUE='#'
WITH_OCTAVE_FALSE=''
WITH_OCTAVE_TRUE='#'
WITH_PYTHON_FALSE=''
WITH_PYTHON_TRUE='#'
ac_ct_CC='gcc'
ac_ct_CXX='g++'
ac_ct_DUMPBIN=''
am__EXEEXT_FALSE=''
am__EXEEXT_TRUE='#'
am__fastdepCC_FALSE='#'
am__fastdepCC_TRUE=''
am__fastdepCXX_FALSE='#'
am__fastdepCXX_TRUE=''
am__include='include'
am__isrc=''
am__leading_dot='.'
am__quote=''
am__tar='${AMTAR} chof - "$$tardir"'
am__untar='${AMTAR} xf -'
bindir='${exec_prefix}/bin'
build='i686-pc-linux-gnu'
build_alias=''
build_cpu='i686'
build_os='linux-gnu'
build_vendor='pc'
datadir='${datarootdir}'
datarootdir='${prefix}/share'
docdir='${datarootdir}/doc/${PACKAGE_TARNAME}'
dvidir='${docdir}'
exec_prefix='${prefix}'
host='i686-pc-linux-gnu'
host_alias=''
host_cpu='i686'
host_os='linux-gnu'
host_vendor='pc'
htmldir='${docdir}'
includedir='${prefix}/include'
infodir='${datarootdir}/info'
install_sh='${SHELL} /home/khalefa/forecast/pfff/nlopt-2.2.1/install-sh'
libdir='${exec_prefix}/lib'
libexecdir='${exec_prefix}/libexec'
localedir='${datarootdir}/locale'
localstatedir='${prefix}/var'
lt_ECHO='echo'
mandir='${datarootdir}/man'
mkdir_p='/bin/mkdir -p'
oldincludedir='/usr/include'
pdfdir='${docdir}'
pkgpyexecdir=''
pkgpythondir=''
prefix='/usr/local'
program_transform_name='s,x,x,'
psdir='${docdir}'
pyexecdir=''
pythondir=''
sbindir='${exec_prefix}/sbin'
sharedstatedir='${prefix}/com'
sysconfdir='${prefix}/etc'
target_alias=''

## ----------- ##
## confdefs.h. ##
## ----------- ##

/* confdefs.h */
#define PACKAGE_NAME "nlopt"
#define PACKAGE_TARNAME "nlopt"
#define PACKAGE_VERSION "2.2.1"
#define PACKAGE_STRING "nlopt 2.2.1"
#define PACKAGE_BUGREPORT "stevenj@alum.mit.edu"
#define PACKAGE_URL ""
#define PACKAGE "nlopt"
#define VERSION "2.2.1"
#define STDC_HEADERS 1
#define HAVE_SYS_TYPES_H 1
#define HAVE_SYS_STAT_H 1
#define HAVE_STDLIB_H 1
#define HAVE_STRING_H 1
#define HAVE_MEMORY_H 1
#define HAVE_STRINGS_H 1
#define HAVE_INTTYPES_H 1
#define HAVE_STDINT_H 1
#define HAVE_UNISTD_H 1
#define HAVE_DLFCN_H 1
#define LT_OBJDIR ".libs/"
#define STDC_HEADERS 1
#define TIME_WITH_SYS_TIME 1
#define HAVE_UNISTD_H 1
#define HAVE_GETOPT_H 1
#define HAVE_STDINT_H 1
#define THREADLOCAL __thread
#define SIZEOF_UNSIGNED_INT 4
#define SIZEOF_UNSIGNED_LONG 4
#define HAVE_UINT32_T 1
#define HAVE_LIBM 1
#define HAVE_GETTIMEOFDAY 1
#define HAVE_TIME 1
#define HAVE_QSORT_R 1
#define HAVE_GETPID 1
#define HAVE_GETTID_SYSCALL 1
#define HAVE_ISNAN 1
#define HAVE_ISINF 1
#define HAVE_COPYSIGN 1
#define MAJOR_VERSION 2
#define MINOR_VERSION 2
#define BUGFIX_VERSION 1

configure: exit 0
